# JRE version: Java(TM) SE Runtime Environment (9.0+11) (build 9.0.4+11)
# Java VM: Java HotSpot(TM) 64-Bit Server VM (9.0.4+11, mixed mode, tiered, compressed oops, g1 gc, windows-amd64)
Heap:
 garbage-first heap   total 161792K, used 124968K [0x0000000700000000, 0x00000007001004f0, 0x00000007c0000000)
  region size 1024K, 48 young (49152K), 1 survivors (1024K)
 Metaspace       used 82284K, capacity 87823K, committed 88008K, reserved 1124352K
  class space    used 11233K, capacity 12206K, committed 12232K, reserved 1048576K
GC Heap History (10 events):
Event: 1595.464 GC heap before
{Heap before GC invocations=175 (full 33):
 garbage-first heap   total 161792K, used 137844K [0x0000000700000000, 0x00000007001004f0, 0x00000007c0000000)
  region size 1024K, 60 young (61440K), 1 survivors (1024K)
 Metaspace       used 82172K, capacity 87689K, committed 87752K, reserved 1124352K
  class space    used 11232K, capacity 12205K, committed 12232K, reserved 1048576K
}
Event: 1595.467 GC heap after
{Heap after GC invocations=176 (full 33):
 garbage-first heap   total 161792K, used 77487K [0x0000000700000000, 0x00000007001004f0, 0x00000007c0000000)
  region size 1024K, 1 young (1024K), 1 survivors (1024K)
 Metaspace       used 82172K, capacity 87689K, committed 87752K, reserved 1124352K
  class space    used 11232K, capacity 12205K, committed 12232K, reserved 1048576K
}
Event: 1786.410 GC heap before
{Heap before GC invocations=176 (full 33):
 garbage-first heap   total 161792K, used 137903K [0x0000000700000000, 0x00000007001004f0, 0x00000007c0000000)
  region size 1024K, 60 young (61440K), 1 survivors (1024K)
 Metaspace       used 82178K, capacity 87695K, committed 87752K, reserved 1124352K
  class space    used 11233K, capacity 12206K, committed 12232K, reserved 1048576K
}
Event: 1786.413 GC heap after
{Heap after GC invocations=177 (full 33):
 garbage-first heap   total 161792K, used 77685K [0x0000000700000000, 0x00000007001004f0, 0x00000007c0000000)
  region size 1024K, 1 young (1024K), 1 survivors (1024K)
 Metaspace       used 82178K, capacity 87695K, committed 87752K, reserved 1124352K
  class space    used 11233K, capacity 12206K, committed 12232K, reserved 1048576K
}
Event: 1961.768 GC heap before
{Heap before GC invocations=178 (full 33):
 garbage-first heap   total 161792K, used 138101K [0x0000000700000000, 0x00000007001004f0, 0x00000007c0000000)
  region size 1024K, 60 young (61440K), 1 survivors (1024K)
 Metaspace       used 82206K, capacity 87695K, committed 87752K, reserved 1124352K
  class space    used 11233K, capacity 12206K, committed 12232K, reserved 1048576K
}
Event: 1961.771 GC heap after
{Heap after GC invocations=179 (full 33):
 garbage-first heap   total 161792K, used 77780K [0x0000000700000000, 0x00000007001004f0, 0x00000007c0000000)
  region size 1024K, 1 young (1024K), 1 survivors (1024K)
 Metaspace       used 82206K, capacity 87695K, committed 87752K, reserved 1124352K
  class space    used 11233K, capacity 12206K, committed 12232K, reserved 1048576K
}
Event: 1971.895 GC heap before
{Heap before GC invocations=179 (full 33):
 garbage-first heap   total 161792K, used 138196K [0x0000000700000000, 0x00000007001004f0, 0x00000007c0000000)
  region size 1024K, 60 young (61440K), 1 survivors (1024K)
 Metaspace       used 82252K, capacity 87823K, committed 88008K, reserved 1124352K
  class space    used 11233K, capacity 12206K, committed 12232K, reserved 1048576K
}
Event: 1971.898 GC heap after
{Heap after GC invocations=180 (full 33):
 garbage-first heap   total 161792K, used 77695K [0x0000000700000000, 0x00000007001004f0, 0x00000007c0000000)
  region size 1024K, 1 young (1024K), 1 survivors (1024K)
 Metaspace       used 82252K, capacity 87823K, committed 88008K, reserved 1124352K
  class space    used 11233K, capacity 12206K, committed 12232K, reserved 1048576K
}
Event: 1980.594 GC heap before
{Heap before GC invocations=181 (full 33):
 garbage-first heap   total 161792K, used 138111K [0x0000000700000000, 0x00000007001004f0, 0x00000007c0000000)
  region size 1024K, 60 young (61440K), 1 survivors (1024K)
 Metaspace       used 82254K, capacity 87823K, committed 88008K, reserved 1124352K
  class space    used 11233K, capacity 12206K, committed 12232K, reserved 1048576K
}
Event: 1980.597 GC heap after
{Heap after GC invocations=182 (full 33):
 garbage-first heap   total 161792K, used 77864K [0x0000000700000000, 0x00000007001004f0, 0x00000007c0000000)
  region size 1024K, 1 young (1024K), 1 survivors (1024K)
 Metaspace       used 82254K, capacity 87823K, committed 88008K, reserved 1124352K
  class space    used 11233K, capacity 12206K, committed 12232K, reserved 1048576K
}

